<?xml version="1.0" encoding="UTF-8"?>
<!-- Generated by org.testng.reporters.JUnitXMLReporter -->
<testsuite ignored="1" hostname="CFS-LP-0192" failures="0" tests="1" name="Default test" time="4.461" errors="0" timestamp="02 Aug 2023 15:59:25 GMT">
  <testcase classname="amazon.testCases.TC_HomePage_001" name="language" time="0.747"/>
  <testcase classname="amazon.testCases.TC_HomePage_001" name="hamburger" time="0.0">
    <ignored/>
  </testcase> <!-- hamburger -->
</testsuite> <!-- Default test -->
