<?xml version="1.0" encoding="UTF-8"?>
<testng-results ignored="0" total="1" passed="1" failed="0" skipped="0">
  <reporter-output>
  </reporter-output>
  <suite started-at="2023-07-31T17:05:15Z" name="Default suite" finished-at="2023-07-31T17:05:33Z" duration-ms="17985">
    <groups>
    </groups>
    <test started-at="2023-07-31T17:05:15Z" name="Default test" finished-at="2023-07-31T17:05:33Z" duration-ms="17985">
      <class name="com.orangeCRM.testCases.TC_Login_001">
        <test-method is-config="true" signature="setUp()[pri:0, instance:com.orangeCRM.testCases.TC_Login_001@2cf3d63b]" started-at="2023-07-31T22:35:15Z" name="setUp" finished-at="2023-07-31T22:35:16Z" duration-ms="928" status="PASS">
          <reporter-output>
          </reporter-output>
        </test-method> <!-- setUp -->
        <test-method signature="validLogin()[pri:0, instance:com.orangeCRM.testCases.TC_Login_001@2cf3d63b]" started-at="2023-07-31T22:35:16Z" name="validLogin" finished-at="2023-07-31T22:35:33Z" duration-ms="17048" status="PASS">
          <reporter-output>
          </reporter-output>
        </test-method> <!-- validLogin -->
      </class> <!-- com.orangeCRM.testCases.TC_Login_001 -->
    </test> <!-- Default test -->
  </suite> <!-- Default suite -->
</testng-results>
