<?xml version="1.0" encoding="UTF-8"?>
<testng-results ignored="0" total="1" passed="1" failed="0" skipped="0">
  <reporter-output>
  </reporter-output>
  <suite started-at="2023-08-01T20:03:27 IST" name="Default suite" finished-at="2023-08-01T20:03:53 IST" duration-ms="26322">
    <groups>
    </groups>
    <test started-at="2023-08-01T20:03:27 IST" name="Default test" finished-at="2023-08-01T20:03:53 IST" duration-ms="26322">
      <class name="com.orangeCRM.testCases.TC_Login_001">
        <test-method is-config="true" signature="setUp()[pri:0, instance:com.orangeCRM.testCases.TC_Login_001@158d2680]" started-at="2023-08-01T20:03:27 IST" name="setUp" finished-at="2023-08-01T20:03:49 IST" duration-ms="21783" status="PASS">
          <reporter-output>
          </reporter-output>
        </test-method> <!-- setUp -->
        <test-method signature="validLogin()[pri:0, instance:com.orangeCRM.testCases.TC_Login_001@158d2680]" started-at="2023-08-01T20:03:49 IST" name="validLogin" finished-at="2023-08-01T20:03:53 IST" duration-ms="4512" status="PASS">
          <reporter-output>
          </reporter-output>
        </test-method> <!-- validLogin -->
      </class> <!-- com.orangeCRM.testCases.TC_Login_001 -->
    </test> <!-- Default test -->
  </suite> <!-- Default suite -->
</testng-results>
