<?xml version="1.0" encoding="UTF-8"?>
<testng-results ignored="1" total="2" passed="1" failed="0" skipped="0">
  <reporter-output>
  </reporter-output>
  <suite started-at="2023-08-02T15:59:20Z" name="Default suite" finished-at="2023-08-02T15:59:25Z" duration-ms="4461">
    <groups>
    </groups>
    <test started-at="2023-08-02T15:59:20Z" name="Default test" finished-at="2023-08-02T15:59:25Z" duration-ms="4461">
      <class name="amazon.testCases.TC_HomePage_001">
        <test-method is-config="true" signature="setUp()[pri:0, instance:amazon.testCases.TC_HomePage_001@470734c3]" started-at="2023-08-02T21:29:20Z" name="setUp" finished-at="2023-08-02T21:29:24Z" duration-ms="3705" status="PASS">
          <reporter-output>
          </reporter-output>
        </test-method> <!-- setUp -->
        <test-method signature="language()[pri:0, instance:amazon.testCases.TC_HomePage_001@470734c3]" started-at="2023-08-02T21:29:24Z" name="language" finished-at="2023-08-02T21:29:25Z" duration-ms="747" status="PASS">
          <reporter-output>
          </reporter-output>
        </test-method> <!-- language -->
      </class> <!-- amazon.testCases.TC_HomePage_001 -->
    </test> <!-- Default test -->
  </suite> <!-- Default suite -->
</testng-results>
